Сервер запущен.
Для подключения к серверу, используйте параметры:
Сервер - localhost, порт - 8888
База данных инициализирована.
Сервер остановлен.
Сервер запущен.
Для подключения к серверу, используйте параметры:
Сервер - localhost, порт - 8888
База данных инициализирована.
Сервер остановлен.
Сервер запущен.
Для подключения к серверу, используйте параметры:
Сервер - localhost, порт - 8888
База данных инициализирована.
Сервер остановлен.
Сервер запущен.
Для подключения к серверу, используйте параметры:
Сервер - localhost, порт - 8888
База данных инициализирована.
Сервер остановлен.
Сервер запущен.
Для подключения к серверу, используйте параметры:
Сервер - localhost, порт - 8888
База данных инициализирована.
Сервер остановлен.
Сервер запущен.
Для подключения к серверу, используйте параметры:
Сервер - localhost, порт - 8888
База данных инициализирована.
Сервер остановлен.
